<?xml version="1.0" encoding="UTF-8"?>
<!-- Generated by org.testng.reporters.JUnitReportReporter -->
<testsuite hostname="DESKTOP-8KVIBC9" failures="0" tests="10" name="tests.TestHumanityPage" time="20.380" errors="0" timestamp="05 Jun 2021 09:24:49 GMT" skipped="0">
  <testcase classname="tests.TestHumanityPage" name="testShiftPlanning" time="6.323"/>
  <testcase classname="tests.TestHumanityPage" name="tesTimeClock" time="0.148"/>
  <testcase classname="tests.TestHumanityPage" name="testLeave" time="0.119"/>
  <testcase classname="tests.TestHumanityPage" name="testTraining" time="0.099"/>
  <testcase classname="tests.TestHumanityPage" name="testStaff" time="0.842"/>
  <testcase classname="tests.TestHumanityPage" name="testAvailability" time="1.433"/>
  <testcase classname="tests.TestHumanityPage" name="testPayroll" time="10.700"/>
  <testcase classname="tests.TestHumanityPage" name="testReports" time="0.403"/>
  <testcase classname="tests.TestHumanityPage" name="testSettings" time="0.207"/>
  <testcase classname="tests.TestHumanityPage" name="testLogo" time="0.106"/>
</testsuite> <!-- tests.TestHumanityPage -->
