<?xml version="1.0" encoding="UTF-8"?>
<!-- Generated by org.testng.reporters.JUnitReportReporter -->
<testsuite hostname="DESKTOP-8KVIBC9" failures="0" tests="3" name="tests.TestStaffPage" time="34.579" errors="0" timestamp="08 Jun 2021 11:05:56 GMT" skipped="0">
  <testcase classname="tests.TestStaffPage" name="testAddEmployees" time="12.848"/>
  <testcase classname="tests.TestStaffPage" name="testChangeName" time="5.233"/>
  <testcase classname="tests.TestStaffPage" name="testAdding5Emp" time="16.498"/>
</testsuite> <!-- tests.TestStaffPage -->
