<?xml version="1.0" encoding="UTF-8"?>
<!-- Generated by org.testng.reporters.JUnitReportReporter -->
<testsuite hostname="DESKTOP-8KVIBC9" failures="0" tests="2" name="tests.TestSettings" time="11.524" errors="0" timestamp="08 Jun 2021 16:08:38 GMT" skipped="0">
  <testcase classname="tests.TestSettings" name="testNotifications" time="1.755"/>
  <testcase classname="tests.TestSettings" name="testChangeLanguage" time="9.769"/>
</testsuite> <!-- tests.TestSettings -->
