<?xml version="1.0" encoding="UTF-8"?>
<!-- Generated by org.testng.reporters.JUnitReportReporter -->
<testsuite hostname="DESKTOP-8KVIBC9" failures="0" tests="2" name="tests.TestProfilePage" time="9.741" errors="0" timestamp="08 Jun 2021 19:32:59 GMT" skipped="0">
  <testcase classname="tests.TestProfilePage" name="testGoToProfilePage" time="7.700"/>
  <testcase classname="tests.TestProfilePage" name="testInputNickname" time="2.041"/>
</testsuite> <!-- tests.TestProfilePage -->
