<?xml version="1.0" encoding="UTF-8"?>
<!-- Generated by org.testng.reporters.JUnitReportReporter -->
<testsuite hostname="DESKTOP-8KVIBC9" failures="0" tests="2" name="tests.TestsHomepage" time="22.686" errors="0" timestamp="08 Jun 2021 20:04:31 GMT" skipped="0">
  <testcase classname="tests.TestsHomepage" name="testAboutUs" time="9.145"/>
  <testcase classname="tests.TestsHomepage" name="testLogin" time="13.541"/>
</testsuite> <!-- tests.TestsHomepage -->
